c:\users\goney\downloads\shape_based_matching_subpixel-master\shape_based_matching_subpixel-master\shape_based_matching-subpixel\shape_based_matching-subpixel\x64\release\shape_based_matching-subpixel.pch
c:\users\goney\downloads\shape_based_matching_subpixel-master\shape_based_matching_subpixel-master\shape_based_matching-subpixel\shape_based_matching-subpixel\x64\release\vc143.pdb
c:\users\goney\downloads\shape_based_matching_subpixel-master\shape_based_matching_subpixel-master\shape_based_matching-subpixel\shape_based_matching-subpixel\x64\release\pch.obj
c:\users\goney\downloads\shape_based_matching_subpixel-master\shape_based_matching_subpixel-master\shape_based_matching-subpixel\shape_based_matching-subpixel\x64\release\test.obj
c:\users\goney\downloads\shape_based_matching_subpixel-master\shape_based_matching_subpixel-master\shape_based_matching-subpixel\shape_based_matching-subpixel\x64\release\line2dup.obj
c:\users\goney\downloads\shape_based_matching_subpixel-master\shape_based_matching_subpixel-master\shape_based_matching-subpixel\shape_based_matching-subpixel\x64\release\edge_scene.obj
c:\users\goney\downloads\shape_based_matching_subpixel-master\shape_based_matching_subpixel-master\shape_based_matching-subpixel\shape_based_matching-subpixel\x64\release\common.obj
c:\users\goney\downloads\shape_based_matching_subpixel-master\shape_based_matching_subpixel-master\shape_based_matching-subpixel\shape_based_matching-subpixel\x64\release\icp.obj
c:\users\goney\downloads\shape_based_matching_subpixel-master\shape_based_matching_subpixel-master\shape_based_matching-subpixel\x64\release\shape_based_matching-subpixel.exe
c:\users\goney\downloads\shape_based_matching_subpixel-master\shape_based_matching_subpixel-master\shape_based_matching-subpixel\x64\release\shape_based_matching-subpixel.pdb
c:\users\goney\downloads\shape_based_matching_subpixel-master\shape_based_matching_subpixel-master\shape_based_matching-subpixel\shape_based_matching-subpixel\x64\release\shape_based_matching-subpixel.ipdb
c:\users\goney\downloads\shape_based_matching_subpixel-master\shape_based_matching_subpixel-master\shape_based_matching-subpixel\shape_based_matching-subpixel\x64\release\shape_based_matching-subpixel.iobj
c:\users\goney\downloads\shape_based_matching_subpixel-master\shape_based_matching_subpixel-master\shape_based_matching-subpixel\shape_based_matching-subpixel\x64\release\shape_based_matching-subpixel.pdb
c:\users\goney\downloads\shape_based_matching_subpixel-master\shape_based_matching_subpixel-master\shape_based_matching-subpixel\shape_based_matching-subpixel\x64\release\shape_ba.43e49a32.tlog\cl.command.1.tlog
c:\users\goney\downloads\shape_based_matching_subpixel-master\shape_based_matching_subpixel-master\shape_based_matching-subpixel\shape_based_matching-subpixel\x64\release\shape_ba.43e49a32.tlog\cl.items.tlog
c:\users\goney\downloads\shape_based_matching_subpixel-master\shape_based_matching_subpixel-master\shape_based_matching-subpixel\shape_based_matching-subpixel\x64\release\shape_ba.43e49a32.tlog\cl.read.1.tlog
c:\users\goney\downloads\shape_based_matching_subpixel-master\shape_based_matching_subpixel-master\shape_based_matching-subpixel\shape_based_matching-subpixel\x64\release\shape_ba.43e49a32.tlog\cl.write.1.tlog
c:\users\goney\downloads\shape_based_matching_subpixel-master\shape_based_matching_subpixel-master\shape_based_matching-subpixel\shape_based_matching-subpixel\x64\release\shape_ba.43e49a32.tlog\link.command.1.tlog
c:\users\goney\downloads\shape_based_matching_subpixel-master\shape_based_matching_subpixel-master\shape_based_matching-subpixel\shape_based_matching-subpixel\x64\release\shape_ba.43e49a32.tlog\link.read.1.tlog
c:\users\goney\downloads\shape_based_matching_subpixel-master\shape_based_matching_subpixel-master\shape_based_matching-subpixel\shape_based_matching-subpixel\x64\release\shape_ba.43e49a32.tlog\link.secondary.1.tlog
c:\users\goney\downloads\shape_based_matching_subpixel-master\shape_based_matching_subpixel-master\shape_based_matching-subpixel\shape_based_matching-subpixel\x64\release\shape_ba.43e49a32.tlog\link.write.1.tlog
